{"69_income": ["69_income_0.0_percentile"], "89_income": ["89_income_0.0_percentile"], "original_data": {"State": "Alabama", "89_income": "23,597", "69_income": "6,419", "79_income": "13,669"}, "79_income": ["79_income_0.0_percentile"]}
{"69_income": ["69_income_100.0_percentile"], "89_income": ["89_income_100.0_percentile"], "original_data": {"State": "Alaska", "89_income": "41,408", "69_income": "11,817", "79_income": "25,414"}, "79_income": ["79_income_100.0_percentile"]}
{"69_income": ["69_income_10.0_percentile"], "89_income": ["89_income_0.0_percentile"], "original_data": {"State": "Arizona", "89_income": "27,540", "69_income": "8,199", "79_income": "16,448"}, "79_income": ["79_income_0.0_percentile"]}
{"69_income": ["69_income_0.0_percentile"], "89_income": ["89_income_0.0_percentile"], "original_data": {"State": "Arkansas", "89_income": "21,147", "69_income": "5,356", "79_income": "12,214"}, "79_income": ["79_income_0.0_percentile"]}
{"69_income": ["69_income_60.0_percentile"], "89_income": ["89_income_90.0_percentile"], "original_data": {"State": "California", "89_income": "35,798", "69_income": "9,302", "79_income": "18,243"}, "79_income": ["79_income_60.0_percentile"]}
{"69_income": ["69_income_20.0_percentile"], "89_income": ["89_income_30.0_percentile"], "original_data": {"State": "Colorado", "89_income": "30,140", "69_income": "8,423", "79_income": "18,056"}, "79_income": ["79_income_50.0_percentile"]}
{"69_income": ["69_income_100.0_percentile"], "89_income": ["89_income_100.0_percentile"], "original_data": {"State": "Connecticut", "89_income": "41,721", "69_income": "10,877", "79_income": "20,077"}, "79_income": ["79_income_90.0_percentile"]}
{"69_income": ["69_income_60.0_percentile"], "89_income": ["89_income_80.0_percentile"], "original_data": {"State": "Delaware", "89_income": "34,875", "69_income": "9,309", "79_income": "17,846"}, "79_income": ["79_income_40.0_percentile"]}
{"69_income": ["69_income_10.0_percentile"], "89_income": ["89_income_40.0_percentile"], "original_data": {"State": "D.C", "89_income": "30,727", "69_income": "8,283", "79_income": "16,211"}, "79_income": ["79_income_0.0_percentile"]}
{"69_income": ["69_income_0.0_percentile"], "89_income": ["89_income_0.0_percentile"], "original_data": {"State": "Florida", "89_income": "27,483", "69_income": "7,168", "79_income": "14,675"}, "79_income": ["79_income_0.0_percentile"]}
{"69_income": ["69_income_0.0_percentile"], "89_income": ["89_income_10.0_percentile"], "original_data": {"State": "Georgia", "89_income": "29,021", "69_income": "7,346", "79_income": "15,033"}, "79_income": ["79_income_0.0_percentile"]}
{"69_income": ["69_income_100.0_percentile"], "89_income": ["89_income_100.0_percentile"], "original_data": {"State": "Hawaii", "89_income": "38,829", "69_income": "10,675", "79_income": "20,473"}, "79_income": ["79_income_100.0_percentile"]}
{"69_income": ["69_income_0.0_percentile"], "89_income": ["89_income_0.0_percentile"], "original_data": {"State": "Idaho", "89_income": "25,257", "69_income": "7,482", "79_income": "15,285"}, "79_income": ["79_income_0.0_percentile"]}
{"69_income": ["69_income_80.0_percentile"], "89_income": ["89_income_60.0_percentile"], "original_data": {"State": "Illinois", "89_income": "32,252", "69_income": "9,706", "79_income": "19,321"}, "79_income": ["79_income_80.0_percentile"]}
{"69_income": ["69_income_40.0_percentile"], "89_income": ["89_income_10.0_percentile"], "original_data": {"State": "Indiana", "89_income": "28,797", "69_income": "8,921", "79_income": "17,582"}, "79_income": ["79_income_30.0_percentile"]}
{"69_income": ["69_income_0.0_percentile"], "89_income": ["89_income_0.0_percentile"], "original_data": {"State": "Iowa", "89_income": "26,229", "69_income": "7,880", "79_income": "16,799"}, "79_income": ["79_income_10.0_percentile"]}
{"69_income": ["69_income_0.0_percentile"], "89_income": ["89_income_0.0_percentile"], "original_data": {"State": "Kansas", "89_income": "27,291", "69_income": "7,578", "79_income": "16,362"}, "79_income": ["79_income_0.0_percentile"]}
{"69_income": ["69_income_0.0_percentile"], "89_income": ["89_income_0.0_percentile"], "original_data": {"State": "Kentucky", "89_income": "22,534", "69_income": "6,537", "79_income": "13,965"}, "79_income": ["79_income_0.0_percentile"]}
{"69_income": ["69_income_0.0_percentile"], "89_income": ["89_income_0.0_percentile"], "original_data": {"State": "Louisiana", "89_income": "21,949", "69_income": "6,538", "79_income": "15,227"}, "79_income": ["79_income_0.0_percentile"]}
{"69_income": ["69_income_0.0_percentile"], "89_income": ["89_income_0.0_percentile"], "original_data": {"State": "Maine", "89_income": "27,854", "69_income": "7,315", "79_income": "13,816"}, "79_income": ["79_income_0.0_percentile"]}
{"69_income": ["69_income_90.0_percentile"], "89_income": ["89_income_100.0_percentile"], "original_data": {"State": "Maryland", "89_income": "39,386", "69_income": "10,101", "79_income": "20,281"}, "79_income": ["79_income_100.0_percentile"]}
{"69_income": ["69_income_70.0_percentile"], "89_income": ["89_income_90.0_percentile"], "original_data": {"State": "Massachusetts", "89_income": "36,952", "69_income": "9,563", "79_income": "17,575"}, "79_income": ["79_income_30.0_percentile"]}
{"69_income": ["69_income_90.0_percentile"], "89_income": ["89_income_40.0_percentile"], "original_data": {"State": "Michigan", "89_income": "31,020", "69_income": "9,997", "79_income": "19,223"}, "79_income": ["79_income_80.0_percentile"]}
{"69_income": ["69_income_30.0_percentile"], "89_income": ["89_income_40.0_percentile"], "original_data": {"State": "Minnesota", "89_income": "30,909", "69_income": "8,753", "79_income": "17,761"}, "79_income": ["79_income_40.0_percentile"]}
{"69_income": ["69_income_0.0_percentile"], "89_income": ["89_income_0.0_percentile"], "original_data": {"State": "Mississippi", "89_income": "20,136", "69_income": "5,221", "79_income": "12,096"}, "79_income": ["79_income_0.0_percentile"]}
{"69_income": ["69_income_0.0_percentile"], "89_income": ["89_income_0.0_percentile"], "original_data": {"State": "Missouri", "89_income": "26,362", "69_income": "7,672", "79_income": "15,581"}, "79_income": ["79_income_0.0_percentile"]}
{"69_income": ["69_income_0.0_percentile"], "89_income": ["89_income_0.0_percentile"], "original_data": {"State": "Montana", "89_income": "22,988", "69_income": "7,436", "79_income": "15,420"}, "79_income": ["79_income_0.0_percentile"]}
{"69_income": ["69_income_0.0_percentile"], "89_income": ["89_income_0.0_percentile"], "original_data": {"State": "Nebraska", "89_income": "26,016", "69_income": "7,426", "79_income": "15,925"}, "79_income": ["79_income_0.0_percentile"]}
{"69_income": ["69_income_70.0_percentile"], "89_income": ["89_income_40.0_percentile"], "original_data": {"State": "Nevada", "89_income": "31,011", "69_income": "9,505", "79_income": "18,211"}, "79_income": ["79_income_60.0_percentile"]}
{"69_income": ["69_income_30.0_percentile"], "89_income": ["89_income_90.0_percentile"], "original_data": {"State": "New Hampshire", "89_income": "36,329", "69_income": "8,652", "79_income": "17,013"}, "79_income": ["79_income_20.0_percentile"]}
{"69_income": ["69_income_100.0_percentile"], "89_income": ["89_income_100.0_percentile"], "original_data": {"State": "New Jersey", "89_income": "40,927", "69_income": "10,371", "79_income": "19,800"}, "79_income": ["79_income_90.0_percentile"]}
{"69_income": ["69_income_0.0_percentile"], "89_income": ["89_income_0.0_percentile"], "original_data": {"State": "New Mexico", "89_income": "24,087", "69_income": "7,096", "79_income": "14,654"}, "79_income": ["79_income_0.0_percentile"]}
{"69_income": ["69_income_60.0_percentile"], "89_income": ["89_income_60.0_percentile"], "original_data": {"State": "New York", "89_income": "32,965", "69_income": "9,268", "79_income": "16,647"}, "79_income": ["79_income_10.0_percentile"]}
{"69_income": ["69_income_0.0_percentile"], "89_income": ["89_income_0.0_percentile"], "original_data": {"State": "North Carolina", "89_income": "26,647", "69_income": "7,025", "79_income": "14,481"}, "79_income": ["79_income_0.0_percentile"]}
{"69_income": ["69_income_0.0_percentile"], "89_income": ["89_income_0.0_percentile"], "original_data": {"State": "North Dakota", "89_income": "23,213", "69_income": "6,909", "79_income": "15,293"}, "79_income": ["79_income_0.0_percentile"]}
{"69_income": ["69_income_60.0_percentile"], "89_income": ["89_income_10.0_percentile"], "original_data": {"State": "Ohio", "89_income": "28,706", "69_income": "9,279", "79_income": "17,754"}, "79_income": ["79_income_40.0_percentile"]}
{"69_income": ["69_income_0.0_percentile"], "89_income": ["89_income_0.0_percentile"], "original_data": {"State": "Oklahoma", "89_income": "23,577", "69_income": "6,596", "79_income": "14,750"}, "79_income": ["79_income_0.0_percentile"]}
{"69_income": ["69_income_10.0_percentile"], "89_income": ["89_income_0.0_percentile"], "original_data": {"State": "Oregon", "89_income": "27,250", "69_income": "8,296", "79_income": "16,780"}, "79_income": ["79_income_10.0_percentile"]}
{"69_income": ["69_income_20.0_percentile"], "89_income": ["89_income_10.0_percentile"], "original_data": {"State": "Pennsylvania", "89_income": "29,069", "69_income": "8,548", "79_income": "16,880"}, "79_income": ["79_income_20.0_percentile"]}
{"69_income": ["69_income_30.0_percentile"], "89_income": ["89_income_60.0_percentile"], "original_data": {"State": "Rhode Island", "89_income": "32,181", "69_income": "8,617", "79_income": "16,097"}, "79_income": ["79_income_0.0_percentile"]}
{"69_income": ["69_income_0.0_percentile"], "89_income": ["89_income_0.0_percentile"], "original_data": {"State": "South Carolina", "89_income": "26,256", "69_income": "6,835", "79_income": "14,711"}, "79_income": ["79_income_0.0_percentile"]}
{"69_income": ["69_income_0.0_percentile"], "89_income": ["89_income_0.0_percentile"], "original_data": {"State": "South Dakota", "89_income": "22,503", "69_income": "6,450", "79_income": "13,156"}, "79_income": ["79_income_0.0_percentile"]}
{"69_income": ["69_income_0.0_percentile"], "89_income": ["89_income_0.0_percentile"], "original_data": {"State": "Tennessee", "89_income": "24,807", "69_income": "6,631", "79_income": "14,142"}, "79_income": ["79_income_0.0_percentile"]}
{"69_income": ["69_income_0.0_percentile"], "89_income": ["89_income_0.0_percentile"], "original_data": {"State": "Texas", "89_income": "27,016", "69_income": "7,538", "79_income": "16,708"}, "79_income": ["79_income_10.0_percentile"]}
{"69_income": ["69_income_20.0_percentile"], "89_income": ["89_income_20.0_percentile"], "original_data": {"State": "Utah", "89_income": "29,470", "69_income": "8,482", "79_income": "17,671"}, "79_income": ["79_income_30.0_percentile"]}
{"69_income": ["69_income_0.0_percentile"], "89_income": ["89_income_20.0_percentile"], "original_data": {"State": "Vermont", "89_income": "29,792", "69_income": "7,961", "79_income": "14,790"}, "79_income": ["79_income_0.0_percentile"]}
{"69_income": ["69_income_10.0_percentile"], "89_income": ["89_income_70.0_percentile"], "original_data": {"State": "Virginia", "89_income": "33,328", "69_income": "8,293", "79_income": "17,475"}, "79_income": ["79_income_30.0_percentile"]}
{"69_income": ["69_income_50.0_percentile"], "89_income": ["89_income_50.0_percentile"], "original_data": {"State": "Washington", "89_income": "31,183", "69_income": "9,125", "79_income": "18,367"}, "79_income": ["79_income_60.0_percentile"]}
{"69_income": ["69_income_0.0_percentile"], "89_income": ["89_income_0.0_percentile"], "original_data": {"State": "West Virginia", "89_income": "20,795", "69_income": "6,487", "79_income": "14,564"}, "79_income": ["79_income_0.0_percentile"]}
{"69_income": ["69_income_50.0_percentile"], "89_income": ["89_income_10.0_percentile"], "original_data": {"State": "Wisconsin", "89_income": "29,442", "69_income": "8,997", "79_income": "17,680"}, "79_income": ["79_income_40.0_percentile"]}
{"69_income": ["69_income_0.0_percentile"], "89_income": ["89_income_0.0_percentile"], "original_data": {"State": "Wyoming", "89_income": "27,096", "69_income": "8,035", "79_income": "19,994"}, "79_income": ["79_income_90.0_percentile"]}
