19 3
Petal_Length_0.0_percentile 0.078609 0.307470 -0.646391
Sepal_Length_0.0_percentile -0.053856 0.009749 -0.299315
Petal_Width_0.0_percentile 0.171841 -0.030702 -0.382694
Sepal_Width_0.0_percentile -0.092783 0.317042 0.194230
setosa -0.088658 -0.323949 -0.532169
versicolor -0.090884 0.110535 0.216257
virginica -0.280373 -0.009962 0.701907
Petal_Length_66.0_percentile 0.104646 0.446539 0.232412
Petal_Width_66.0_percentile -0.085930 0.233613 0.221656
Sepal_Width_33.0_percentile 0.034189 0.208374 0.239137
Sepal_Width_100.0_percentile 0.020235 0.092449 -0.232548
Petal_Width_33.0_percentile 0.109940 0.512436 0.100535
Sepal_Length_100.0_percentile 0.040747 0.304563 0.376878
Petal_Length_33.0_percentile 0.004551 0.476148 0.175653
Sepal_Length_66.0_percentile -0.175740 0.158180 0.456837
Sepal_Length_33.0_percentile -0.029957 0.017523 0.231110
Sepal_Width_66.0_percentile 0.144975 0.018536 0.117173
Petal_Width_100.0_percentile -0.075719 0.181590 -0.024558
Petal_Length_100.0_percentile -0.097968 0.129922 -0.155927
