19 3
Petal_Length_0.0_percentile 0.139497 0.355372 -0.694998
Sepal_Length_0.0_percentile -0.032174 0.069389 -0.353769
Petal_Width_0.0_percentile 0.215264 -0.009873 -0.424439
Sepal_Width_0.0_percentile -0.103552 0.382732 0.199507
setosa -0.034902 -0.375412 -0.603646
versicolor -0.084909 0.174415 0.218103
virginica -0.302603 -0.053182 0.594853
Petal_Length_66.0_percentile 0.097010 0.400168 0.135625
Petal_Width_66.0_percentile -0.102973 0.205313 0.151095
Sepal_Width_33.0_percentile 0.026031 0.229746 0.208213
Sepal_Width_100.0_percentile 0.033816 0.101991 -0.232999
Petal_Width_33.0_percentile 0.092857 0.563404 0.136326
Sepal_Length_100.0_percentile 0.017654 0.318495 0.381353
Petal_Length_33.0_percentile -0.013884 0.520867 0.163220
Sepal_Length_66.0_percentile -0.189028 0.172475 0.415925
Sepal_Length_33.0_percentile -0.029430 0.030317 0.188953
Sepal_Width_66.0_percentile 0.157143 0.015078 0.071012
Petal_Width_100.0_percentile -0.081086 0.169061 -0.056858
Petal_Length_100.0_percentile -0.100064 0.129265 -0.154169
